Building DAG of jobs...
Using shell: /usr/bin/bash
Provided cores: 1 (use --cores to define parallelism)
Rules claiming more threads will be scaled down.
Job stats:
job                       count
----------------------  -------
all                           1
annotate_variants             1
build_snpEff_database         1
bwa_index                     1
create_dirs                   1
create_fasta_dict_gatk        1
download_reference            1
download_sra                  1
export_snpEff_data            1
extract_sequence              1
fastqc_raw_reads              1
filter_variants               1
index_dedup_bam               1
index_reference               1
mark_duplicates               1
read_alignment                1
sam_to_sorted_bam             1
snpEff_config_file            1
validate_bam                  1
variant_calling               1
total                        20

Select jobs to execute...

[Fri Jul  4 02:40:31 2025]
rule create_dirs:
    output: results/snakemake/.dirs_created
    jobid: 1
    reason: Missing output files: results/snakemake/.dirs_created
    resources: tmpdir=/tmp

[Fri Jul  4 02:40:31 2025]
Finished job 1.
1 of 20 steps (5%) done
Select jobs to execute...

[Fri Jul  4 02:40:31 2025]
rule download_reference:
    input: results/snakemake/.dirs_created
    output: results/raw/reference.fasta, results/snpEff/data/reference_db/genes.gbk
    jobid: 2
    reason: Missing output files: results/raw/reference.fasta, results/snpEff/data/reference_db/genes.gbk; Input files updated by another job: results/snakemake/.dirs_created
    resources: tmpdir=/tmp

[Fri Jul  4 02:40:33 2025]
Finished job 2.
2 of 20 steps (10%) done
Select jobs to execute...

[Fri Jul  4 02:40:33 2025]
rule bwa_index:
    input: results/snakemake/.dirs_created, results/raw/reference.fasta
    output: results/raw/reference.fasta.bwt
    jobid: 9
    reason: Missing output files: results/raw/reference.fasta.bwt; Input files updated by another job: results/snakemake/.dirs_created, results/raw/reference.fasta
    resources: tmpdir=/tmp

[Fri Jul  4 02:40:33 2025]
Finished job 9.
3 of 20 steps (15%) done
Select jobs to execute...

[Fri Jul  4 02:40:33 2025]
rule create_fasta_dict_gatk:
    input: results/snakemake/.dirs_created, results/raw/reference.fasta
    output: results/raw/reference.dict
    jobid: 7
    reason: Missing output files: results/raw/reference.dict; Input files updated by another job: results/snakemake/.dirs_created, results/raw/reference.fasta
    resources: tmpdir=/tmp

[Fri Jul  4 02:40:35 2025]
Finished job 7.
4 of 20 steps (20%) done
Select jobs to execute...

[Fri Jul  4 02:40:35 2025]
rule snpEff_config_file:
    input: results/snakemake/.dirs_created, results/raw/reference.fasta, results/snpEff/data/reference_db/genes.gbk
    output: results/snpEff/data/reference_db/snpEff.config
    jobid: 16
    reason: Missing output files: results/snpEff/data/reference_db/snpEff.config; Input files updated by another job: results/snakemake/.dirs_created, results/snpEff/data/reference_db/genes.gbk, results/raw/reference.fasta
    resources: tmpdir=/tmp

[Fri Jul  4 02:40:36 2025]
Finished job 16.
5 of 20 steps (25%) done
Select jobs to execute...

[Fri Jul  4 02:40:36 2025]
rule build_snpEff_database:
    input: results/snakemake/.dirs_created, results/snpEff/data/reference_db/snpEff.config
    output: results/snpEff/snpEff.db
    jobid: 17
    reason: Missing output files: results/snpEff/snpEff.db; Input files updated by another job: results/snakemake/.dirs_created, results/snpEff/data/reference_db/snpEff.config
    resources: tmpdir=/tmp

[Fri Jul  4 02:40:37 2025]
Error in rule build_snpEff_database:
    jobid: 17
    input: results/snakemake/.dirs_created, results/snpEff/data/reference_db/snpEff.config
    output: results/snpEff/snpEff.db
    shell:
        
        echo Building snpEff database...
        snpEff build -c results/snpEff/data/reference_db/snpEff.config -genbank -v -noCheckProtein reference_db
        echo snpEff database built!
        
        (one of the commands exited with non-zero exit code; note that snakemake uses bash strict mode!)

Shutting down, this might take some time.
Exiting because a job execution failed. Look above for error message
Complete log: .snakemake/log/2025-07-04T024030.881844.snakemake.log
