Building DAG of jobs...
Using shell: /usr/bin/bash
Provided cores: 1 (use --cores to define parallelism)
Rules claiming more threads will be scaled down.
Job stats:
job                       count
----------------------  -------
all                           1
create_fasta_dict_gatk        1
total                         2

Select jobs to execute...

[Sun Jul  6 22:18:24 2025]
rule create_fasta_dict_gatk:
    input: results/snakemake/.dirs_created, results/raw/reference.fasta
    output: results/raw/reference.dict
    jobid: 8
    reason: Missing output files: results/raw/reference.dict
    resources: tmpdir=/tmp

[Sun Jul  6 22:18:27 2025]
Finished job 8.
1 of 2 steps (50%) done
Select jobs to execute...

[Sun Jul  6 22:18:27 2025]
localrule all:
    input: results/snakemake/.dirs_created, results/raw/reference.fasta, results/snpEff/data/reference_db/genes.gbk, results/raw/SRR1972739/SRR1972739.sra, results/raw/SRR1972739.fastq, results/qc/SRR1972739_fastqc.html, results/raw/reference.fasta.fai, results/raw/reference.fasta.bwt, results/raw/reference.dict
    jobid: 0
    reason: Input files updated by another job: results/raw/reference.dict
    resources: tmpdir=/tmp

[Sun Jul  6 22:18:27 2025]
Finished job 0.
2 of 2 steps (100%) done
Complete log: .snakemake/log/2025-07-06T221823.411659.snakemake.log
