Building DAG of jobs...
Using shell: /usr/bin/bash
Provided cores: 1 (use --cores to define parallelism)
Rules claiming more threads will be scaled down.
Job stats:
job                      count
---------------------  -------
all                          1
annotate_variants            1
build_snpEff_database        1
export_snpEff_data           1
filter_variants              1
index_dedup_bam              1
mark_duplicates              1
sam_to_sorted_bam            1
validate_bam                 1
variant_calling              1
total                       10

Select jobs to execute...

[Fri Jul  4 02:30:45 2025]
rule sam_to_sorted_bam:
    input: results/snakemake/.dirs_created, results/aligned/aligned.sam
    output: results/aligned/aligned.sorted.bam
    jobid: 10
    reason: Missing output files: results/aligned/aligned.sorted.bam
    resources: tmpdir=/tmp

[Fri Jul  4 02:30:46 2025]
Finished job 10.
1 of 10 steps (10%) done
Select jobs to execute...

[Fri Jul  4 02:30:46 2025]
rule validate_bam:
    input: results/snakemake/.dirs_created, results/aligned/aligned.sorted.bam
    output: results/aligned/validation_report.txt
    jobid: 11
    reason: Missing output files: results/aligned/validation_report.txt; Input files updated by another job: results/aligned/aligned.sorted.bam
    resources: tmpdir=/tmp

[Fri Jul  4 02:30:49 2025]
Finished job 11.
2 of 10 steps (20%) done
Select jobs to execute...

[Fri Jul  4 02:30:49 2025]
rule mark_duplicates:
    input: results/snakemake/.dirs_created, results/aligned/aligned.sorted.bam
    output: results/aligned/dedup.bam, results/aligned/dup_metrics.txt
    jobid: 12
    reason: Missing output files: results/aligned/dup_metrics.txt, results/aligned/dedup.bam; Input files updated by another job: results/aligned/aligned.sorted.bam
    resources: tmpdir=/tmp

[Fri Jul  4 02:30:53 2025]
Finished job 12.
3 of 10 steps (30%) done
Select jobs to execute...

[Fri Jul  4 02:30:53 2025]
rule build_snpEff_database:
    input: results/snakemake/.dirs_created, results/snpEff/data/reference_db/snpEff.config
    output: results/snpEff/snpEff.db
    jobid: 17
    reason: Missing output files: results/snpEff/snpEff.db
    resources: tmpdir=/tmp

[Fri Jul  4 02:30:53 2025]
Error in rule build_snpEff_database:
    jobid: 17
    input: results/snakemake/.dirs_created, results/snpEff/data/reference_db/snpEff.config
    output: results/snpEff/snpEff.db
    shell:
        
        echo Building snpEff database...
        snpEff build -c results/snpEff/data/reference_db/snpEff.config -genbank -v -noCheckProtein reference_db
        echo snpEff database built!
        
        (one of the commands exited with non-zero exit code; note that snakemake uses bash strict mode!)

Shutting down, this might take some time.
Exiting because a job execution failed. Look above for error message
Complete log: .snakemake/log/2025-07-04T023045.011643.snakemake.log
