Building DAG of jobs...
Using shell: /usr/bin/bash
Provided cores: 1 (use --cores to define parallelism)
Rules claiming more threads will be scaled down.
Job stats:
job                         count
------------------------  -------
all                             1
annotate_variants               1
build_snpEff_database           1
bwa_index                       1
copy_reference_to_snpeff        1
copy_snpeff_config              1
create_dirs                     1
create_fasta_dict_gatk          1
download_reference              1
download_sra                    1
export_snpEff_data              1
extract_sequence                1
fastqc_raw_reads                1
filter_variants                 1
index_dedup_bam                 1
index_reference                 1
mark_duplicates                 1
read_alignment                  1
sam_to_sorted_bam               1
snpEff_config_file              1
validate_bam                    1
variant_calling                 1
total                          22

Select jobs to execute...

[Fri Jul  4 01:51:53 2025]
rule create_dirs:
    output: results/snakemake/.dirs_created
    jobid: 1
    reason: Missing output files: results/snakemake/.dirs_created
    resources: tmpdir=/tmp

[Fri Jul  4 01:51:53 2025]
Finished job 1.
1 of 22 steps (5%) done
Select jobs to execute...

[Fri Jul  4 01:51:53 2025]
rule download_reference:
    input: results/snakemake/.dirs_created
    output: results/raw/reference.fasta, results/snpEff/data/reference_db/genes.gbk
    jobid: 2
    reason: Missing output files: results/snpEff/data/reference_db/genes.gbk, results/raw/reference.fasta; Input files updated by another job: results/snakemake/.dirs_created
    resources: tmpdir=/tmp

[Fri Jul  4 01:51:55 2025]
Finished job 2.
2 of 22 steps (9%) done
Select jobs to execute...

[Fri Jul  4 01:51:55 2025]
rule index_reference:
    input: results/snakemake/.dirs_created, results/raw/reference.fasta
    output: results/raw/reference.fasta.fai
    jobid: 6
    reason: Missing output files: results/raw/reference.fasta.fai; Input files updated by another job: results/snakemake/.dirs_created, results/raw/reference.fasta
    resources: tmpdir=/tmp

[Fri Jul  4 01:51:55 2025]
Finished job 6.
3 of 22 steps (14%) done
Select jobs to execute...

[Fri Jul  4 01:51:55 2025]
rule snpEff_config_file:
    input: results/snakemake/.dirs_created, results/snpEff/data/reference_db/genes.gbk
    output: results/snpEff/data/reference_db/snpEff.config
    jobid: 17
    reason: Missing output files: results/snpEff/data/reference_db/snpEff.config; Input files updated by another job: results/snpEff/data/reference_db/genes.gbk, results/snakemake/.dirs_created
    resources: tmpdir=/tmp

[Fri Jul  4 01:51:55 2025]
Finished job 17.
4 of 22 steps (18%) done
Select jobs to execute...

[Fri Jul  4 01:51:55 2025]
rule download_sra:
    input: results/snakemake/.dirs_created
    output: results/raw/SRR1972739/SRR1972739.sra
    jobid: 4
    reason: Missing output files: results/raw/SRR1972739/SRR1972739.sra; Input files updated by another job: results/snakemake/.dirs_created
    resources: tmpdir=/tmp

[Fri Jul  4 01:51:58 2025]
Finished job 4.
5 of 22 steps (23%) done
Select jobs to execute...

[Fri Jul  4 01:51:58 2025]
rule bwa_index:
    input: results/snakemake/.dirs_created, results/raw/reference.fasta
    output: results/raw/reference.fasta.bwt
    jobid: 9
    reason: Missing output files: results/raw/reference.fasta.bwt; Input files updated by another job: results/snakemake/.dirs_created, results/raw/reference.fasta
    resources: tmpdir=/tmp

[Fri Jul  4 01:51:58 2025]
Finished job 9.
6 of 22 steps (27%) done
Select jobs to execute...

[Fri Jul  4 01:51:58 2025]
rule copy_reference_to_snpeff:
    input: results/raw/reference.fasta
    output: results/snpEff/data/reference_db/reference.fasta
    jobid: 19
    reason: Missing output files: results/snpEff/data/reference_db/reference.fasta; Input files updated by another job: results/raw/reference.fasta
    resources: tmpdir=/tmp

[Fri Jul  4 01:51:58 2025]
Finished job 19.
7 of 22 steps (32%) done
Select jobs to execute...

[Fri Jul  4 01:51:58 2025]
rule copy_snpeff_config:
    input: results/snpEff/data/reference_db/snpEff.config
    output: results/snpEff/snpEff.config
    jobid: 16
    reason: Missing output files: results/snpEff/snpEff.config; Input files updated by another job: results/snpEff/data/reference_db/snpEff.config; Set of input files has changed since last execution; Code has changed since last execution
    resources: tmpdir=/tmp

[Fri Jul  4 01:51:58 2025]
Finished job 16.
8 of 22 steps (36%) done
Select jobs to execute...

[Fri Jul  4 01:51:58 2025]
rule build_snpEff_database:
    input: results/snakemake/.dirs_created, results/snpEff/snpEff.config, results/snpEff/data/reference_db/reference.fasta, results/snpEff/data/reference_db/genes.gbk
    output: results/snpEff/snpEff.db
    jobid: 18
    reason: Missing output files: results/snpEff/snpEff.db; Input files updated by another job: results/snpEff/data/reference_db/genes.gbk, results/snakemake/.dirs_created, results/snpEff/data/reference_db/reference.fasta, results/snpEff/snpEff.config
    resources: tmpdir=/tmp

Waiting at most 5 seconds for missing files.
MissingOutputException in rule build_snpEff_database in file /home/ubuntu/TRANKHANHNGUYEN_assignment_2/Snakefile, line 275:
Job 18  completed successfully, but some output files are missing. Missing files after 5 seconds. This might be due to filesystem latency. If that is the case, consider to increase the wait time with --latency-wait:
results/snpEff/snpEff.db
Shutting down, this might take some time.
Exiting because a job execution failed. Look above for error message
Complete log: .snakemake/log/2025-07-04T015152.530029.snakemake.log
