Building DAG of jobs...
Using shell: /usr/bin/bash
Provided cores: 1 (use --cores to define parallelism)
Rules claiming more threads will be scaled down.
Job stats:
job                      count
---------------------  -------
all                          1
annotate_variants            1
build_snpEff_database        1
copy_reference_fasta         1
export_snpEff_data           1
snpEff_config_file           1
total                        6

Select jobs to execute...

[Fri Jul  4 02:39:12 2025]
rule copy_reference_fasta:
    input: results/raw/reference.fasta
    output: results/snpEff/data/reference_db/reference.fasta
    jobid: 17
    reason: Missing output files: results/snpEff/data/reference_db/reference.fasta; Code has changed since last execution
    resources: tmpdir=/tmp

[Fri Jul  4 02:39:12 2025]
Finished job 17.
1 of 6 steps (17%) done
Select jobs to execute...

[Fri Jul  4 02:39:12 2025]
rule snpEff_config_file:
    input: results/snakemake/.dirs_created, results/raw/reference.fasta, results/snpEff/data/reference_db/genes.gbk, results/snpEff/data/reference_db/reference.fasta
    output: results/snpEff/data/reference_db/snpEff.config
    jobid: 16
    reason: Input files updated by another job: results/snpEff/data/reference_db/reference.fasta
    resources: tmpdir=/tmp

[Fri Jul  4 02:39:13 2025]
Finished job 16.
2 of 6 steps (33%) done
Select jobs to execute...

[Fri Jul  4 02:39:13 2025]
rule build_snpEff_database:
    input: results/snakemake/.dirs_created, results/snpEff/data/reference_db/snpEff.config
    output: results/snpEff/snpEff.db
    jobid: 18
    reason: Missing output files: results/snpEff/snpEff.db; Input files updated by another job: results/snpEff/data/reference_db/snpEff.config
    resources: tmpdir=/tmp

[Fri Jul  4 02:39:13 2025]
Error in rule build_snpEff_database:
    jobid: 18
    input: results/snakemake/.dirs_created, results/snpEff/data/reference_db/snpEff.config
    output: results/snpEff/snpEff.db
    shell:
        
        echo Building snpEff database...
        snpEff build -c results/snpEff/data/reference_db/snpEff.config -genbank -v -noCheckProtein reference_db
        echo snpEff database built!
        
        (one of the commands exited with non-zero exit code; note that snakemake uses bash strict mode!)

Shutting down, this might take some time.
Exiting because a job execution failed. Look above for error message
Complete log: .snakemake/log/2025-07-04T023911.581197.snakemake.log
