Building DAG of jobs...
Using shell: /usr/bin/bash
Provided cores: 1 (use --cores to define parallelism)
Rules claiming more threads will be scaled down.
Job stats:
job            count
-----------  -------
all                1
create_dirs        1
total              2

Select jobs to execute...

[Sun Jul  6 21:47:53 2025]
rule create_dirs:
    output: results/snakemake/.dirs_created
    jobid: 1
    reason: Missing output files: results/snakemake/.dirs_created
    resources: tmpdir=/tmp

[Sun Jul  6 21:47:53 2025]
Finished job 1.
1 of 2 steps (50%) done
Select jobs to execute...

[Sun Jul  6 21:47:53 2025]
localrule all:
    input: results/snakemake/.dirs_created
    jobid: 0
    reason: Input files updated by another job: results/snakemake/.dirs_created
    resources: tmpdir=/tmp

[Sun Jul  6 21:47:53 2025]
Finished job 0.
2 of 2 steps (100%) done
Complete log: .snakemake/log/2025-07-06T214752.972217.snakemake.log
