Building DAG of jobs...
Using shell: /usr/bin/bash
Provided cores: 1 (use --cores to define parallelism)
Rules claiming more threads will be scaled down.
Job stats:
job                 count
----------------  -------
all                     1
fastqc_raw_reads        1
total                   2

Select jobs to execute...

[Sun Jul  6 22:03:38 2025]
rule fastqc_raw_reads:
    input: results/snakemake/.dirs_created, results/raw/SRR1972739.fastq
    output: results/qc/SRR1972739_fastqc.html
    jobid: 5
    reason: Missing output files: results/qc/SRR1972739_fastqc.html
    resources: tmpdir=/tmp

[Sun Jul  6 22:03:41 2025]
Finished job 5.
1 of 2 steps (50%) done
Select jobs to execute...

[Sun Jul  6 22:03:41 2025]
localrule all:
    input: results/snakemake/.dirs_created, results/raw/reference.fasta, results/snpEff/data/reference_db/genes.gbk, results/raw/SRR1972739/SRR1972739.sra, results/raw/SRR1972739.fastq, results/qc/SRR1972739_fastqc.html
    jobid: 0
    reason: Input files updated by another job: results/qc/SRR1972739_fastqc.html
    resources: tmpdir=/tmp

[Sun Jul  6 22:03:41 2025]
Finished job 0.
2 of 2 steps (100%) done
Complete log: .snakemake/log/2025-07-06T220337.707067.snakemake.log
