Building DAG of jobs...
Using shell: /usr/bin/bash
Provided cores: 1 (use --cores to define parallelism)
Rules claiming more threads will be scaled down.
Job stats:
job                 count
----------------  -------
all                     1
extract_sequence        1
total                   2

Select jobs to execute...

[Fri Jul  4 00:37:25 2025]
rule extract_sequence:
    input: results/snakemake/.dirs_created, results/raw/SRR1972739/SRR1972739.sra
    output: results/raw/SRR1972739.fastq
    jobid: 3
    reason: Missing output files: results/raw/SRR1972739.fastq
    resources: tmpdir=/tmp

[Fri Jul  4 00:37:25 2025]
Finished job 3.
1 of 2 steps (50%) done
Select jobs to execute...

[Fri Jul  4 00:37:25 2025]
localrule all:
    input: results/snakemake/.dirs_created, results/raw/reference.fasta, results/raw/SRR1972739.fastq
    jobid: 0
    reason: Input files updated by another job: results/raw/SRR1972739.fastq
    resources: tmpdir=/tmp

[Fri Jul  4 00:37:25 2025]
Finished job 0.
2 of 2 steps (100%) done
Complete log: .snakemake/log/2025-07-04T003724.707566.snakemake.log
