Building DAG of jobs...
Using shell: /usr/bin/bash
Provided cores: 1 (use --cores to define parallelism)
Rules claiming more threads will be scaled down.
Job stats:
job                      count
---------------------  -------
all                          1
annotate_variants            1
build_snpEff_database        1
export_snpEff_data           1
filter_variants              1
index_dedup_bam              1
mark_duplicates              1
snpEff_config_file           1
validate_bam                 1
variant_calling              1
total                       10

Select jobs to execute...

[Fri Jul  4 02:59:12 2025]
rule snpEff_config_file:
    input: results/snakemake/.dirs_created, results/snpEff/data/reference_db/reference.fasta, results/snpEff/data/reference_db/genes.gbk
    output: results/snpEff/snpEff.config
    jobid: 17
    reason: Missing output files: results/snpEff/snpEff.config; Set of input files has changed since last execution; Code has changed since last execution
    resources: tmpdir=/tmp

[Fri Jul  4 02:59:12 2025]
Error in rule snpEff_config_file:
    jobid: 17
    input: results/snakemake/.dirs_created, results/snpEff/data/reference_db/reference.fasta, results/snpEff/data/reference_db/genes.gbk
    output: results/snpEff/snpEff.config
    shell:
        
        echo Creating snpEff config file...
        cat <<EOF > $SNPEFF_DIR/snpEff.config
# Custom snpEff config for reference_db
reference_db.genome : reference_db
reference_db.fa : $(readlink -f $RAW_DIR/reference.fasta)
reference_db.genbank : $(readlink -f $SNPEFF_DATA_DIR/genes.gbk)
EOF
        echo snpEff config file created!
        
        (one of the commands exited with non-zero exit code; note that snakemake uses bash strict mode!)

Shutting down, this might take some time.
Exiting because a job execution failed. Look above for error message
Complete log: .snakemake/log/2025-07-04T025912.031759.snakemake.log
