Building DAG of jobs...
Using shell: /usr/bin/bash
Provided cores: 1 (use --cores to define parallelism)
Rules claiming more threads will be scaled down.
Job stats:
job                      count
---------------------  -------
all                          1
annotate_variants            1
build_snpEff_database        1
export_snpEff_data           1
filter_variants              1
index_dedup_bam              1
mark_duplicates              1
snpEff_config_file           1
validate_bam                 1
variant_calling              1
total                       10

Select jobs to execute...

[Fri Jul  4 03:00:48 2025]
rule snpEff_config_file:
    input: results/snakemake/.dirs_created, results/snpEff/data/reference_db/reference.fasta, results/snpEff/data/reference_db/genes.gbk
    output: results/snpEff/snpEff.config
    jobid: 17
    reason: Missing output files: results/snpEff/snpEff.config
    resources: tmpdir=/tmp

[Fri Jul  4 03:00:48 2025]
Finished job 17.
1 of 10 steps (10%) done
Select jobs to execute...

[Fri Jul  4 03:00:48 2025]
rule build_snpEff_database:
    input: results/snakemake/.dirs_created, results/snpEff/snpEff.config
    output: results/snpEff/snpEff.db
    jobid: 16
    reason: Missing output files: results/snpEff/snpEff.db; Input files updated by another job: results/snpEff/snpEff.config
    resources: tmpdir=/tmp

Waiting at most 5 seconds for missing files.
MissingOutputException in rule build_snpEff_database in file /home/ubuntu/TRANKHANHNGUYEN_assignment_2/Snakefile, line 271:
Job 16  completed successfully, but some output files are missing. Missing files after 5 seconds. This might be due to filesystem latency. If that is the case, consider to increase the wait time with --latency-wait:
results/snpEff/snpEff.db
Shutting down, this might take some time.
Exiting because a job execution failed. Look above for error message
Complete log: .snakemake/log/2025-07-04T030047.756282.snakemake.log
