Building DAG of jobs...
Using shell: /usr/bin/bash
Provided cores: 1 (use --cores to define parallelism)
Rules claiming more threads will be scaled down.
Job stats:
job            count
-----------  -------
all                1
create_dirs        1
total              2

Select jobs to execute...

[Fri Jul  4 00:03:54 2025]
rule create_dirs:
    output: results/snakemake/.dirs_created
    jobid: 1
    reason: Missing output files: results/snakemake/.dirs_created
    resources: tmpdir=/tmp

[Fri Jul  4 00:03:54 2025]
Error in rule create_dirs:
    jobid: 1
    output: results/snakemake/.dirs_created
    shell:
        
        mkdir -p $RAW_DIR $ALIGNED_DIR $VARIANT_DIR $ANNOTATED_DIR $QC_DIR $SNPEFF_DATA_DIR
        touch results/snakemake/.dirs_created
        
        (one of the commands exited with non-zero exit code; note that snakemake uses bash strict mode!)

Shutting down, this might take some time.
Exiting because a job execution failed. Look above for error message
Complete log: .snakemake/log/2025-07-04T000353.854785.snakemake.log
