Building DAG of jobs...
Using shell: /usr/bin/bash
Provided cores: 1 (use --cores to define parallelism)
Rules claiming more threads will be scaled down.
Job stats:
job             count
------------  -------
all                 1
download_sra        1
total               2

Select jobs to execute...

[Sun Jul  6 21:58:06 2025]
rule download_sra:
    input: results/snakemake/.dirs_created
    output: results/raw/SRR1972739/SRR1972739.sra
    jobid: 3
    reason: Missing output files: results/raw/SRR1972739/SRR1972739.sra
    resources: tmpdir=/tmp

[Sun Jul  6 21:58:08 2025]
Finished job 3.
1 of 2 steps (50%) done
Select jobs to execute...

[Sun Jul  6 21:58:08 2025]
localrule all:
    input: results/snakemake/.dirs_created, results/raw/reference.fasta, results/snpEff/data/reference_db/genes.gbk, results/raw/SRR1972739/SRR1972739.sra
    jobid: 0
    reason: Input files updated by another job: results/raw/SRR1972739/SRR1972739.sra
    resources: tmpdir=/tmp

[Sun Jul  6 21:58:08 2025]
Finished job 0.
2 of 2 steps (100%) done
Complete log: .snakemake/log/2025-07-06T215806.076005.snakemake.log
