Building DAG of jobs...
Using shell: /usr/bin/bash
Provided cores: 1 (use --cores to define parallelism)
Rules claiming more threads will be scaled down.
Job stats:
job                       count
----------------------  -------
all                           1
create_fasta_dict_gatk        1
filter_variants               1
index_dedup_bam               1
mark_duplicates               1
read_alignment                1
sam_to_sorted_bam             1
validate_bam                  1
variant_calling               1
total                         9

Select jobs to execute...

[Fri Jul  4 00:58:32 2025]
rule create_fasta_dict_gatk:
    input: results/snakemake/.dirs_created, results/raw/reference.fasta
    output: results/raw/reference.dict
    jobid: 7
    reason: Missing output files: results/raw/reference.dict
    resources: tmpdir=/tmp

[Fri Jul  4 00:58:36 2025]
Finished job 7.
1 of 9 steps (11%) done
Select jobs to execute...

[Fri Jul  4 00:58:36 2025]
rule read_alignment:
    input: results/snakemake/.dirs_created, results/raw/reference.fasta, results/raw/SRR1972739.fastq
    output: results/aligned/aligned.sam
    jobid: 8
    reason: Missing output files: results/aligned/aligned.sam
    resources: tmpdir=/tmp

[Fri Jul  4 00:58:36 2025]
Error in rule read_alignment:
    jobid: 8
    input: results/snakemake/.dirs_created, results/raw/reference.fasta, results/raw/SRR1972739.fastq
    output: results/aligned/aligned.sam
    shell:
        
        echo Aligning reads with read groups...
        bwa mem -R '@RG\tID:1\tLB:lib1\tPL:illumina\tPU:unit1\tSM:sample1' results/raw/reference.fasta results/raw/SRR1972739.fastq > results/aligned/aligned.sam
        echo Aligned reads!
        
        (one of the commands exited with non-zero exit code; note that snakemake uses bash strict mode!)

Removing output files of failed job read_alignment since they might be corrupted:
results/aligned/aligned.sam
Shutting down, this might take some time.
Exiting because a job execution failed. Look above for error message
Complete log: .snakemake/log/2025-07-04T005832.206600.snakemake.log
