Building DAG of jobs...
Using shell: /usr/bin/bash
Provided cores: 1 (use --cores to define parallelism)
Rules claiming more threads will be scaled down.
Job stats:
job                   count
------------------  -------
all                       1
download_reference        1
total                     2

Select jobs to execute...

[Fri Jul  4 00:27:02 2025]
rule download_reference:
    input: results/snakemake/.dirs_created
    output: results/raw/reference.fasta
    jobid: 2
    reason: Missing output files: results/raw/reference.fasta
    resources: tmpdir=/tmp

[Fri Jul  4 00:27:03 2025]
Finished job 2.
1 of 2 steps (50%) done
Select jobs to execute...

[Fri Jul  4 00:27:03 2025]
localrule all:
    input: results/snakemake/.dirs_created, results/raw/reference.fasta
    jobid: 0
    reason: Input files updated by another job: results/raw/reference.fasta
    resources: tmpdir=/tmp

[Fri Jul  4 00:27:03 2025]
Finished job 0.
2 of 2 steps (100%) done
Complete log: .snakemake/log/2025-07-04T002701.700855.snakemake.log
