Building DAG of jobs...
Using shell: /usr/bin/bash
Provided cores: 1 (use --cores to define parallelism)
Rules claiming more threads will be scaled down.
Job stats:
job             count
------------  -------
all                 1
download_sra        1
total               2

Select jobs to execute...

[Fri Jul  4 00:34:11 2025]
rule download_sra:
    input: results/snakemake/.dirs_created
    output: results/raw/SRR1972739.fastq
    jobid: 3
    reason: Missing output files: results/raw/SRR1972739.fastq
    resources: tmpdir=/tmp

Waiting at most 5 seconds for missing files.
MissingOutputException in rule download_sra in file /home/ubuntu/TRANKHANHNGUYEN_assignment_2/Snakefile, line 43:
Job 3  completed successfully, but some output files are missing. Missing files after 5 seconds. This might be due to filesystem latency. If that is the case, consider to increase the wait time with --latency-wait:
results/raw/SRR1972739.fastq
Shutting down, this might take some time.
Exiting because a job execution failed. Look above for error message
Complete log: .snakemake/log/2025-07-04T003410.767416.snakemake.log
