Building DAG of jobs...
Using shell: /usr/bin/bash
Provided cores: 1 (use --cores to define parallelism)
Rules claiming more threads will be scaled down.
Job stats:
job                      count
---------------------  -------
all                          1
annotate_variants            1
build_snpEff_database        1
export_snpEff_data           1
filter_variants              1
index_dedup_bam              1
mark_duplicates              1
read_alignment               1
sam_to_sorted_bam            1
snpEff_config_file           1
validate_bam                 1
variant_calling              1
total                       12

Select jobs to execute...

[Fri Jul  4 02:54:27 2025]
rule read_alignment:
    input: results/snakemake/.dirs_created, results/raw/reference.fasta, results/raw/SRR1972739.fastq, results/raw/reference.fasta.bwt
    output: results/aligned/aligned.sam
    jobid: 8
    reason: Missing output files: results/aligned/aligned.sam
    resources: tmpdir=/tmp

[Fri Jul  4 02:54:29 2025]
Finished job 8.
1 of 12 steps (8%) done
Select jobs to execute...

[Fri Jul  4 02:54:29 2025]
rule sam_to_sorted_bam:
    input: results/snakemake/.dirs_created, results/aligned/aligned.sam
    output: results/aligned/aligned.sorted.bam
    jobid: 10
    reason: Missing output files: results/aligned/aligned.sorted.bam; Input files updated by another job: results/aligned/aligned.sam
    resources: tmpdir=/tmp

[Fri Jul  4 02:54:29 2025]
Finished job 10.
2 of 12 steps (17%) done
Select jobs to execute...

[Fri Jul  4 02:54:29 2025]
rule snpEff_config_file:
    input: results/snakemake/.dirs_created, results/snpEff/data/reference_db/reference.fasta, results/snpEff/data/reference_db/genes.gbk
    output: results/snpEff/data/reference_db/snpEff.config
    jobid: 16
    reason: Code has changed since last execution
    resources: tmpdir=/tmp

[Fri Jul  4 02:54:30 2025]
Finished job 16.
3 of 12 steps (25%) done
Select jobs to execute...

[Fri Jul  4 02:54:30 2025]
rule build_snpEff_database:
    input: results/snakemake/.dirs_created, results/snpEff/data/reference_db/snpEff.config
    output: results/snpEff/snpEff.db
    jobid: 18
    reason: Missing output files: results/snpEff/snpEff.db; Input files updated by another job: results/snpEff/data/reference_db/snpEff.config
    resources: tmpdir=/tmp

[Fri Jul  4 02:54:30 2025]
Error in rule build_snpEff_database:
    jobid: 18
    input: results/snakemake/.dirs_created, results/snpEff/data/reference_db/snpEff.config
    output: results/snpEff/snpEff.db
    shell:
        
        echo Building snpEff database...
        snpEff build -c results/snpEff/data/reference_db/snpEff.config -genbank -v -noCheckProtein reference_db
        echo snpEff database built!
        
        (one of the commands exited with non-zero exit code; note that snakemake uses bash strict mode!)

Shutting down, this might take some time.
Exiting because a job execution failed. Look above for error message
Complete log: .snakemake/log/2025-07-04T025427.029035.snakemake.log
